2007.07.18 20:36 B C:\Documents and Settings\Administrator\Desktop\LabEx6\Images\candles-3.jpg <-- DWW600-54622-26755-01760 /student/CAS206_jread_32802/shared/LabEx6/Images candles-3.jpg
2007.07.18 20:36 B C:\Documents and Settings\Administrator\Desktop\LabEx6\Images\candles.jpg <-- DWW600-54622-26755-01760 /student/CAS206_jread_32802/shared/LabEx6/Images candles.jpg
2007.07.18 20:36 B C:\Documents and Settings\Administrator\Desktop\LabEx6\Images\chaos.jpg <-- DWW600-54622-26755-01760 /student/CAS206_jread_32802/shared/LabEx6/Images chaos.jpg
2007.07.18 20:36 B C:\Documents and Settings\Administrator\Desktop\LabEx6\Images\dancers.jpg <-- DWW600-54622-26755-01760 /student/CAS206_jread_32802/shared/LabEx6/Images dancers.jpg
2007.07.18 20:36 B C:\Documents and Settings\Administrator\Desktop\LabEx6\Images\puzzles.jpg <-- DWW600-54622-26755-01760 /student/CAS206_jread_32802/shared/LabEx6/Images puzzles.jpg
2007.07.18 20:36 B C:\Documents and Settings\Administrator\Desktop\LabEx6\Images\roses.jpg <-- DWW600-54622-26755-01760 /student/CAS206_jread_32802/shared/LabEx6/Images roses.jpg
2007.07.18 20:36 B C:\Documents and Settings\Administrator\Desktop\LabEx6\Images\Thumbs.db <-- DWW600-54622-26755-01760 /student/CAS206_jread_32802/shared/LabEx6/Images Thumbs.db
2007.07.18 20:36 B C:\Documents and Settings\Administrator\Desktop\LabEx6\Images\title.gif <-- DWW600-54622-26755-01760 /student/CAS206_jread_32802/shared/LabEx6/Images title.gif
2007.07.18 20:36 B C:\Documents and Settings\Administrator\Desktop\LabEx6\Images\title.png <-- DWW600-54622-26755-01760 /student/CAS206_jread_32802/shared/LabEx6/Images title.png
2007.07.18 20:36 B C:\Documents and Settings\Administrator\Desktop\LabEx6\Images\whiteearth.jpg <-- DWW600-54622-26755-01760 /student/CAS206_jread_32802/shared/LabEx6/Images whiteearth.jpg
2007.07.18 20:36 B C:\Documents and Settings\Administrator\Desktop\LabEx6\Images\whiteearth.png <-- DWW600-54622-26755-01760 /student/CAS206_jread_32802/shared/LabEx6/Images whiteearth.png
2007.07.18 20:36 B C:\Documents and Settings\Administrator\Desktop\LabEx6\Images\yikes.jpg <-- DWW600-54622-26755-01760 /student/CAS206_jread_32802/shared/LabEx6/Images yikes.jpg
2007.07.18 22:09 B E:\cas206\c05CD\LabEx6\Images\candles-3.jpg --> sws.pcc.edu /student/CAS206_jread_32802/alankelsey29/c05CD/LabEx6/Images candles-3.jpg
2007.07.18 22:09 B E:\cas206\c05CD\LabEx6\Images\candles.jpg --> sws.pcc.edu /student/CAS206_jread_32802/alankelsey29/c05CD/LabEx6/Images candles.jpg
2007.07.18 22:09 B E:\cas206\c05CD\LabEx6\Images\chaos.jpg --> sws.pcc.edu /student/CAS206_jread_32802/alankelsey29/c05CD/LabEx6/Images chaos.jpg
2007.07.18 22:09 B E:\cas206\c05CD\LabEx6\Images\dancers.jpg --> sws.pcc.edu /student/CAS206_jread_32802/alankelsey29/c05CD/LabEx6/Images dancers.jpg
2007.07.18 22:09 B E:\cas206\c05CD\LabEx6\Images\puzzles.jpg --> sws.pcc.edu /student/CAS206_jread_32802/alankelsey29/c05CD/LabEx6/Images puzzles.jpg
2007.07.18 22:09 B E:\cas206\c05CD\LabEx6\Images\roses.jpg --> sws.pcc.edu /student/CAS206_jread_32802/alankelsey29/c05CD/LabEx6/Images roses.jpg
2007.07.18 22:09 B E:\cas206\c05CD\LabEx6\Images\Thumbs.db --> sws.pcc.edu /student/CAS206_jread_32802/alankelsey29/c05CD/LabEx6/Images Thumbs.db
2007.07.18 22:09 B E:\cas206\c05CD\LabEx6\Images\title.gif --> sws.pcc.edu /student/CAS206_jread_32802/alankelsey29/c05CD/LabEx6/Images title.gif
2007.07.18 22:09 B E:\cas206\c05CD\LabEx6\Images\title.png --> sws.pcc.edu /student/CAS206_jread_32802/alankelsey29/c05CD/LabEx6/Images title.png
2007.07.18 22:09 B E:\cas206\c05CD\LabEx6\Images\whiteearth.jpg --> sws.pcc.edu /student/CAS206_jread_32802/alankelsey29/c05CD/LabEx6/Images whiteearth.jpg
2007.07.18 22:09 B E:\cas206\c05CD\LabEx6\Images\whiteearth.png --> sws.pcc.edu /student/CAS206_jread_32802/alankelsey29/c05CD/LabEx6/Images whiteearth.png
2007.07.18 22:09 B E:\cas206\c05CD\LabEx6\Images\WS_FTP.LOG --> sws.pcc.edu /student/CAS206_jread_32802/alankelsey29/c05CD/LabEx6/Images WS_FTP.LOG
2007.07.18 22:09 B E:\cas206\c05CD\LabEx6\Images\yikes.jpg --> sws.pcc.edu /student/CAS206_jread_32802/alankelsey29/c05CD/LabEx6/Images yikes.jpg
