2007.07.18 22:09 B E:\cas206\c05CD\3-1.CSS --> sws.pcc.edu /student/CAS206_jread_32802/alankelsey29/c05CD 3-1.CSS
2007.07.18 22:09 B E:\cas206\c05CD\3-1.html --> sws.pcc.edu /student/CAS206_jread_32802/alankelsey29/c05CD 3-1.html
2007.07.18 22:09 B E:\cas206\c05CD\balloonglow.jpg --> sws.pcc.edu /student/CAS206_jread_32802/alankelsey29/c05CD balloonglow.jpg
2007.07.18 22:09 B E:\cas206\c05CD\ch5_3col3.css --> sws.pcc.edu /student/CAS206_jread_32802/alankelsey29/c05CD ch5_3col3.css
2007.07.18 22:09 B E:\cas206\c05CD\ch5_3col3.html --> sws.pcc.edu /student/CAS206_jread_32802/alankelsey29/c05CD ch5_3col3.html
2007.07.18 22:09 B E:\cas206\c05CD\ch5_start.css --> sws.pcc.edu /student/CAS206_jread_32802/alankelsey29/c05CD ch5_start.css
2007.07.18 22:09 B E:\cas206\c05CD\ch5_start.html --> sws.pcc.edu /student/CAS206_jread_32802/alankelsey29/c05CD ch5_start.html
2007.07.18 22:09 B E:\cas206\c05CD\ch5_start2.css --> sws.pcc.edu /student/CAS206_jread_32802/alankelsey29/c05CD ch5_start2.css
2007.07.18 22:09 B E:\cas206\c05CD\ch5_start2.html --> sws.pcc.edu /student/CAS206_jread_32802/alankelsey29/c05CD ch5_start2.html
2007.07.18 22:09 B E:\cas206\c05CD\ch5_threecol.css --> sws.pcc.edu /student/CAS206_jread_32802/alankelsey29/c05CD ch5_threecol.css
2007.07.18 22:09 B E:\cas206\c05CD\ch5_threecol.html --> sws.pcc.edu /student/CAS206_jread_32802/alankelsey29/c05CD ch5_threecol.html
2007.07.18 22:09 B E:\cas206\c05CD\ch5_threecol2.css --> sws.pcc.edu /student/CAS206_jread_32802/alankelsey29/c05CD ch5_threecol2.css
2007.07.18 22:09 B E:\cas206\c05CD\ch5_threecol2.html --> sws.pcc.edu /student/CAS206_jread_32802/alankelsey29/c05CD ch5_threecol2.html
2007.07.18 22:09 B E:\cas206\c05CD\ch5_threecol4.css --> sws.pcc.edu /student/CAS206_jread_32802/alankelsey29/c05CD ch5_threecol4.css
2007.07.18 22:09 B E:\cas206\c05CD\ch5_threecol4.html --> sws.pcc.edu /student/CAS206_jread_32802/alankelsey29/c05CD ch5_threecol4.html
2007.07.18 22:09 B E:\cas206\c05CD\ch5_z-index.css --> sws.pcc.edu /student/CAS206_jread_32802/alankelsey29/c05CD ch5_z-index.css
2007.07.18 22:09 B E:\cas206\c05CD\ch5_z-index.html --> sws.pcc.edu /student/CAS206_jread_32802/alankelsey29/c05CD ch5_z-index.html
2007.07.18 22:09 B E:\cas206\c05CD\content.jpg --> sws.pcc.edu /student/CAS206_jread_32802/alankelsey29/c05CD content.jpg
2007.07.18 22:10 B E:\cas206\c05CD\fixed800.gif --> sws.pcc.edu /student/CAS206_jread_32802/alankelsey29/c05CD fixed800.gif
2007.07.18 22:10 B E:\cas206\c05CD\header.jpg --> sws.pcc.edu /student/CAS206_jread_32802/alankelsey29/c05CD header.jpg
2007.07.18 22:10 B E:\cas206\c05CD\multi_bg_1000.jpg --> sws.pcc.edu /student/CAS206_jread_32802/alankelsey29/c05CD multi_bg_1000.jpg
2007.07.18 22:10 B E:\cas206\c05CD\right1.jpg --> sws.pcc.edu /student/CAS206_jread_32802/alankelsey29/c05CD right1.jpg
2007.07.18 22:10 B E:\cas206\c05CD\right2.jpg --> sws.pcc.edu /student/CAS206_jread_32802/alankelsey29/c05CD right2.jpg
2007.07.18 22:10 B E:\cas206\c05CD\right3.jpg --> sws.pcc.edu /student/CAS206_jread_32802/alankelsey29/c05CD right3.jpg
2007.07.18 22:10 B E:\cas206\c05CD\threeballoon.jpg --> sws.pcc.edu /student/CAS206_jread_32802/alankelsey29/c05CD threeballoon.jpg
2007.07.19 14:28 B E:\cas206\c05CD\3-1.html --> sws.pcc.edu /student/CAS206_jread_32802/alankelsey29/c05CD 3-1.html
2007.07.19 14:28 B E:\cas206\c05CD\ch5_3col3.html --> sws.pcc.edu /student/CAS206_jread_32802/alankelsey29/c05CD ch5_3col3.html
2007.07.19 14:28 B E:\cas206\c05CD\ch5_start.html --> sws.pcc.edu /student/CAS206_jread_32802/alankelsey29/c05CD ch5_start.html
2007.07.19 14:28 B E:\cas206\c05CD\ch5_start2.html --> sws.pcc.edu /student/CAS206_jread_32802/alankelsey29/c05CD ch5_start2.html
2007.07.19 14:28 B E:\cas206\c05CD\ch5_threecol.html --> sws.pcc.edu /student/CAS206_jread_32802/alankelsey29/c05CD ch5_threecol.html
2007.07.19 14:28 B E:\cas206\c05CD\ch5_threecol2.html --> sws.pcc.edu /student/CAS206_jread_32802/alankelsey29/c05CD ch5_threecol2.html
2007.07.19 14:28 B E:\cas206\c05CD\ch5_threecol4.html --> sws.pcc.edu /student/CAS206_jread_32802/alankelsey29/c05CD ch5_threecol4.html
2007.07.19 14:28 B E:\cas206\c05CD\ch5_z-index.html --> sws.pcc.edu /student/CAS206_jread_32802/alankelsey29/c05CD ch5_z-index.html
