2007.07.14 09:49 B E:\cas206\c04CD\3-1.css --> sws.pcc.edu /student/CAS206_jread_32802/alankelsey29/c04CD 3-1.css
2007.07.14 09:49 B E:\cas206\c04CD\3-2.html --> sws.pcc.edu /student/CAS206_jread_32802/alankelsey29/c04CD 3-2.html
2007.07.14 09:49 B E:\cas206\c04CD\3-3.html --> sws.pcc.edu /student/CAS206_jread_32802/alankelsey29/c04CD 3-3.html
2007.07.14 09:49 B E:\cas206\c04CD\ch4_ir.css --> sws.pcc.edu /student/CAS206_jread_32802/alankelsey29/c04CD ch4_ir.css
2007.07.14 09:49 B E:\cas206\c04CD\ch4_ir.html --> sws.pcc.edu /student/CAS206_jread_32802/alankelsey29/c04CD ch4_ir.html
2007.07.14 09:49 B E:\cas206\c04CD\ch4_prac.css --> sws.pcc.edu /student/CAS206_jread_32802/alankelsey29/c04CD ch4_prac.css
2007.07.14 09:49 B E:\cas206\c04CD\ch4_prac.html --> sws.pcc.edu /student/CAS206_jread_32802/alankelsey29/c04CD ch4_prac.html
2007.07.14 09:49 B E:\cas206\c04CD\ch4_start.css --> sws.pcc.edu /student/CAS206_jread_32802/alankelsey29/c04CD ch4_start.css
2007.07.14 09:50 B E:\cas206\c04CD\ch4_start.html --> sws.pcc.edu /student/CAS206_jread_32802/alankelsey29/c04CD ch4_start.html
2007.07.14 09:50 B E:\cas206\c04CD\ch4_start1.html --> sws.pcc.edu /student/CAS206_jread_32802/alankelsey29/c04CD ch4_start1.html
2007.07.14 09:50 B E:\cas206\c04CD\ch4_start2.css --> sws.pcc.edu /student/CAS206_jread_32802/alankelsey29/c04CD ch4_start2.css
2007.07.14 09:50 B E:\cas206\c04CD\ch4_start2.html --> sws.pcc.edu /student/CAS206_jread_32802/alankelsey29/c04CD ch4_start2.html
2007.07.14 09:50 B E:\cas206\c04CD\ch4_stretch1.css --> sws.pcc.edu /student/CAS206_jread_32802/alankelsey29/c04CD ch4_stretch1.css
2007.07.14 09:50 B E:\cas206\c04CD\ch4_stretchy.css --> sws.pcc.edu /student/CAS206_jread_32802/alankelsey29/c04CD ch4_stretchy.css
2007.07.14 09:50 B E:\cas206\c04CD\ch4_stretchy2.css --> sws.pcc.edu /student/CAS206_jread_32802/alankelsey29/c04CD ch4_stretchy2.css
2007.07.14 09:50 B E:\cas206\c04CD\floatingonair.jpg --> sws.pcc.edu /student/CAS206_jread_32802/alankelsey29/c04CD floatingonair.jpg
2007.07.14 09:50 B E:\cas206\c04CD\multi_bg_1000.jpg --> sws.pcc.edu /student/CAS206_jread_32802/alankelsey29/c04CD multi_bg_1000.jpg
2007.07.14 09:50 B E:\cas206\c04CD\multi_bg_700.jpg --> sws.pcc.edu /student/CAS206_jread_32802/alankelsey29/c04CD multi_bg_700.jpg
2007.07.14 09:50 B E:\cas206\c04CD\multi_ir_bg.jpg --> sws.pcc.edu /student/CAS206_jread_32802/alankelsey29/c04CD multi_ir_bg.jpg
2007.07.14 09:50 B E:\cas206\c04CD\star.gif --> sws.pcc.edu /student/CAS206_jread_32802/alankelsey29/c04CD star.gif
2007.07.14 09:50 B E:\cas206\c04CD\star2.GIF --> sws.pcc.edu /student/CAS206_jread_32802/alankelsey29/c04CD star2.GIF
2007.07.14 09:50 B E:\cas206\c04CD\threeballoon.jpg --> sws.pcc.edu /student/CAS206_jread_32802/alankelsey29/c04CD threeballoon.jpg
2007.07.14 09:50 B E:\cas206\c04CD\yellowgradient.gif --> sws.pcc.edu /student/CAS206_jread_32802/alankelsey29/c04CD yellowgradient.gif
2007.07.19 14:27 B E:\cas206\c04CD\3-2.html --> sws.pcc.edu /student/CAS206_jread_32802/alankelsey29/c04CD 3-2.html
2007.07.19 14:27 B E:\cas206\c04CD\3-3.html --> sws.pcc.edu /student/CAS206_jread_32802/alankelsey29/c04CD 3-3.html
2007.07.19 14:27 B E:\cas206\c04CD\ch4_ir.html --> sws.pcc.edu /student/CAS206_jread_32802/alankelsey29/c04CD ch4_ir.html
2007.07.19 14:27 B E:\cas206\c04CD\ch4_prac.html --> sws.pcc.edu /student/CAS206_jread_32802/alankelsey29/c04CD ch4_prac.html
2007.07.19 14:27 B E:\cas206\c04CD\ch4_start.html --> sws.pcc.edu /student/CAS206_jread_32802/alankelsey29/c04CD ch4_start.html
2007.07.19 14:27 B E:\cas206\c04CD\ch4_start1.html --> sws.pcc.edu /student/CAS206_jread_32802/alankelsey29/c04CD ch4_start1.html
2007.07.19 14:27 B E:\cas206\c04CD\ch4_start2.html --> sws.pcc.edu /student/CAS206_jread_32802/alankelsey29/c04CD ch4_start2.html
