2007.08.16 21:44 B E:\cas206\c08CD\img_exercises\images\banner.gif --> sws.pcc.edu /student/CAS206_jread_32802/alankelsey29/c08CD/img_exercises/images banner.gif
2007.08.16 21:44 B E:\cas206\c08CD\img_exercises\images\banner.png --> sws.pcc.edu /student/CAS206_jread_32802/alankelsey29/c08CD/img_exercises/images banner.png
2007.08.16 21:44 B E:\cas206\c08CD\img_exercises\images\button.png --> sws.pcc.edu /student/CAS206_jread_32802/alankelsey29/c08CD/img_exercises/images button.png
2007.08.16 21:44 B E:\cas206\c08CD\img_exercises\images\buttonA.gif --> sws.pcc.edu /student/CAS206_jread_32802/alankelsey29/c08CD/img_exercises/images buttonA.gif
2007.08.16 21:44 B E:\cas206\c08CD\img_exercises\images\buttonB.gif --> sws.pcc.edu /student/CAS206_jread_32802/alankelsey29/c08CD/img_exercises/images buttonB.gif
2007.08.16 21:44 B E:\cas206\c08CD\img_exercises\images\buttonC.gif --> sws.pcc.edu /student/CAS206_jread_32802/alankelsey29/c08CD/img_exercises/images buttonC.gif
2007.08.16 21:44 B E:\cas206\c08CD\img_exercises\images\buttonD.gif --> sws.pcc.edu /student/CAS206_jread_32802/alankelsey29/c08CD/img_exercises/images buttonD.gif
2007.08.16 21:44 B E:\cas206\c08CD\img_exercises\images\buttonE.gif --> sws.pcc.edu /student/CAS206_jread_32802/alankelsey29/c08CD/img_exercises/images buttonE.gif
2007.08.16 21:44 B E:\cas206\c08CD\img_exercises\images\creek_lg.jpg --> sws.pcc.edu /student/CAS206_jread_32802/alankelsey29/c08CD/img_exercises/images creek_lg.jpg
2007.08.16 21:44 B E:\cas206\c08CD\img_exercises\images\creek_sm.jpg --> sws.pcc.edu /student/CAS206_jread_32802/alankelsey29/c08CD/img_exercises/images creek_sm.jpg
2007.08.16 21:44 B E:\cas206\c08CD\img_exercises\images\creek_tn.jpg --> sws.pcc.edu /student/CAS206_jread_32802/alankelsey29/c08CD/img_exercises/images creek_tn.jpg
2007.08.16 21:44 B E:\cas206\c08CD\img_exercises\images\fallen_lg.jpg --> sws.pcc.edu /student/CAS206_jread_32802/alankelsey29/c08CD/img_exercises/images fallen_lg.jpg
2007.08.16 21:44 B E:\cas206\c08CD\img_exercises\images\fallen_sm.jpg --> sws.pcc.edu /student/CAS206_jread_32802/alankelsey29/c08CD/img_exercises/images fallen_sm.jpg
2007.08.16 21:44 B E:\cas206\c08CD\img_exercises\images\fallen_tn.jpg --> sws.pcc.edu /student/CAS206_jread_32802/alankelsey29/c08CD/img_exercises/images fallen_tn.jpg
2007.08.16 21:44 B E:\cas206\c08CD\img_exercises\images\fence_lg.jpg --> sws.pcc.edu /student/CAS206_jread_32802/alankelsey29/c08CD/img_exercises/images fence_lg.jpg
2007.08.16 21:44 B E:\cas206\c08CD\img_exercises\images\fence_sm.jpg --> sws.pcc.edu /student/CAS206_jread_32802/alankelsey29/c08CD/img_exercises/images fence_sm.jpg
2007.08.16 21:44 B E:\cas206\c08CD\img_exercises\images\fence_tn.jpg --> sws.pcc.edu /student/CAS206_jread_32802/alankelsey29/c08CD/img_exercises/images fence_tn.jpg
2007.08.16 21:44 B E:\cas206\c08CD\img_exercises\images\grid_lg.jpg --> sws.pcc.edu /student/CAS206_jread_32802/alankelsey29/c08CD/img_exercises/images grid_lg.jpg
2007.08.16 21:44 B E:\cas206\c08CD\img_exercises\images\grid_sm.jpg --> sws.pcc.edu /student/CAS206_jread_32802/alankelsey29/c08CD/img_exercises/images grid_sm.jpg
2007.08.16 21:44 B E:\cas206\c08CD\img_exercises\images\grid_tn.jpg --> sws.pcc.edu /student/CAS206_jread_32802/alankelsey29/c08CD/img_exercises/images grid_tn.jpg
2007.08.16 21:44 B E:\cas206\c08CD\img_exercises\images\heading.gif --> sws.pcc.edu /student/CAS206_jread_32802/alankelsey29/c08CD/img_exercises/images heading.gif
2007.08.16 21:44 B E:\cas206\c08CD\img_exercises\images\lily_lg.jpg --> sws.pcc.edu /student/CAS206_jread_32802/alankelsey29/c08CD/img_exercises/images lily_lg.jpg
2007.08.16 21:44 B E:\cas206\c08CD\img_exercises\images\lily_sm.jpg --> sws.pcc.edu /student/CAS206_jread_32802/alankelsey29/c08CD/img_exercises/images lily_sm.jpg
2007.08.16 21:44 B E:\cas206\c08CD\img_exercises\images\lily_tn.jpg --> sws.pcc.edu /student/CAS206_jread_32802/alankelsey29/c08CD/img_exercises/images lily_tn.jpg
