2007.07.18 20:36 B C:\Documents and Settings\Administrator\Desktop\LabEx6\candles.html <-- DWW600-54622-26755-01760 /student/CAS206_jread_32802/shared/LabEx6 candles.html
2007.07.18 20:36 B C:\Documents and Settings\Administrator\Desktop\LabEx6\chaos.html <-- DWW600-54622-26755-01760 /student/CAS206_jread_32802/shared/LabEx6 chaos.html
2007.07.18 20:36 B C:\Documents and Settings\Administrator\Desktop\LabEx6\dancer.html <-- DWW600-54622-26755-01760 /student/CAS206_jread_32802/shared/LabEx6 dancer.html
2007.07.18 20:36 B C:\Documents and Settings\Administrator\Desktop\LabEx6\puzzles.html <-- DWW600-54622-26755-01760 /student/CAS206_jread_32802/shared/LabEx6 puzzles.html
2007.07.18 20:36 B C:\Documents and Settings\Administrator\Desktop\LabEx6\Rosebud_Pom.html <-- DWW600-54622-26755-01760 /student/CAS206_jread_32802/shared/LabEx6 Rosebud_Pom.html
2007.07.18 20:36 B C:\Documents and Settings\Administrator\Desktop\LabEx6\yikes.html <-- DWW600-54622-26755-01760 /student/CAS206_jread_32802/shared/LabEx6 yikes.html
2007.08.16 21:46 B E:\cas206\LabEx6\candles.html --> sws.pcc.edu /student/CAS206_jread_32802/alankelsey29/LabEx6 candles.html
2007.08.16 21:46 B E:\cas206\LabEx6\chaos.html --> sws.pcc.edu /student/CAS206_jread_32802/alankelsey29/LabEx6 chaos.html
2007.08.16 21:46 B E:\cas206\LabEx6\dancer.html --> sws.pcc.edu /student/CAS206_jread_32802/alankelsey29/LabEx6 dancer.html
2007.08.16 21:46 B E:\cas206\LabEx6\puzzles.html --> sws.pcc.edu /student/CAS206_jread_32802/alankelsey29/LabEx6 puzzles.html
2007.08.16 21:46 B E:\cas206\LabEx6\Rosebud_Pom.html --> sws.pcc.edu /student/CAS206_jread_32802/alankelsey29/LabEx6 Rosebud_Pom.html
2007.08.16 21:46 B E:\cas206\LabEx6\WS_FTP.LOG --> sws.pcc.edu /student/CAS206_jread_32802/alankelsey29/LabEx6 WS_FTP.LOG
2007.08.16 21:46 B E:\cas206\LabEx6\yikes.html --> sws.pcc.edu /student/CAS206_jread_32802/alankelsey29/LabEx6 yikes.html
2007.09.05 01:44 B E:\cas206\LabEx6\candles.html --> sws.pcc.edu /student/CAS206_jread_32802/alankelsey29/LabEx6 candles.html
2007.09.05 01:44 B E:\cas206\LabEx6\chaos.html --> sws.pcc.edu /student/CAS206_jread_32802/alankelsey29/LabEx6 chaos.html
2007.09.05 01:44 B E:\cas206\LabEx6\dancer.html --> sws.pcc.edu /student/CAS206_jread_32802/alankelsey29/LabEx6 dancer.html
2007.09.05 01:44 B E:\cas206\LabEx6\labex6..css --> sws.pcc.edu /student/CAS206_jread_32802/alankelsey29/LabEx6 labex6..css
2007.09.05 01:44 B E:\cas206\LabEx6\labex6.css --> sws.pcc.edu /student/CAS206_jread_32802/alankelsey29/LabEx6 labex6.css
2007.09.05 01:44 B E:\cas206\LabEx6\labex62.css --> sws.pcc.edu /student/CAS206_jread_32802/alankelsey29/LabEx6 labex62.css
2007.09.05 01:44 B E:\cas206\LabEx6\labex6og.CSS --> sws.pcc.edu /student/CAS206_jread_32802/alankelsey29/LabEx6 labex6og.CSS
2007.09.05 01:44 B E:\cas206\LabEx6\puzzles.html --> sws.pcc.edu /student/CAS206_jread_32802/alankelsey29/LabEx6 puzzles.html
2007.09.05 01:44 B E:\cas206\LabEx6\Rosebud_Pom.html --> sws.pcc.edu /student/CAS206_jread_32802/alankelsey29/LabEx6 Rosebud_Pom.html
2007.09.05 01:44 B E:\cas206\LabEx6\WS_FTP.LOG --> sws.pcc.edu /student/CAS206_jread_32802/alankelsey29/LabEx6 WS_FTP.LOG
2007.09.05 01:44 B E:\cas206\LabEx6\yikes.html --> sws.pcc.edu /student/CAS206_jread_32802/alankelsey29/LabEx6 yikes.html
