2007.07.18 22:22 B E:\cas206\solar\solar.css <-- CAS 206 /student/CAS206_jread_32802/alankelsey29/c04CD/solar solar.css
2007.07.18 22:22 B E:\cas206\solar\solar.html <-- CAS 206 /student/CAS206_jread_32802/alankelsey29/c04CD/solar solar.html
2007.07.18 22:22 B E:\cas206\solar\sun.html <-- CAS 206 /student/CAS206_jread_32802/alankelsey29/c04CD/solar sun.html
2007.07.18 22:22 B E:\cas206\solar\solar.css --> sws.pcc.edu /student/CAS206_jread_32802/alankelsey29/solar solar.css
2007.07.18 22:22 B E:\cas206\solar\solar.html --> sws.pcc.edu /student/CAS206_jread_32802/alankelsey29/solar solar.html
2007.07.18 22:22 B E:\cas206\solar\sun.html --> sws.pcc.edu /student/CAS206_jread_32802/alankelsey29/solar sun.html
2007.07.18 22:22 B E:\cas206\solar\WS_FTP.LOG --> sws.pcc.edu /student/CAS206_jread_32802/alankelsey29/solar WS_FTP.LOG
2007.07.19 00:45 B E:\cas206\solar\earth.html --> sws.pcc.edu /student/CAS206_jread_32802/alankelsey29/solar earth.html
2007.07.19 00:45 B E:\cas206\solar\mercury.html --> sws.pcc.edu /student/CAS206_jread_32802/alankelsey29/solar mercury.html
2007.07.19 00:45 B E:\cas206\solar\solar.css --> sws.pcc.edu /student/CAS206_jread_32802/alankelsey29/solar solar.css
2007.07.19 00:45 B E:\cas206\solar\solar.html --> sws.pcc.edu /student/CAS206_jread_32802/alankelsey29/solar solar.html
2007.07.19 00:45 B E:\cas206\solar\sun.html --> sws.pcc.edu /student/CAS206_jread_32802/alankelsey29/solar sun.html
2007.07.19 00:46 B E:\cas206\solar\venus.html --> sws.pcc.edu /student/CAS206_jread_32802/alankelsey29/solar venus.html
2007.07.19 00:46 B E:\cas206\solar\WS_FTP.LOG --> sws.pcc.edu /student/CAS206_jread_32802/alankelsey29/solar WS_FTP.LOG
2007.07.19 14:28 B E:\cas206\solar\earth.html --> sws.pcc.edu /student/CAS206_jread_32802/alankelsey29/solar earth.html
2007.07.19 14:28 B E:\cas206\solar\mercury.html --> sws.pcc.edu /student/CAS206_jread_32802/alankelsey29/solar mercury.html
2007.07.19 14:28 B E:\cas206\solar\solar.html --> sws.pcc.edu /student/CAS206_jread_32802/alankelsey29/solar solar.html
2007.07.19 14:28 B E:\cas206\solar\sun.html --> sws.pcc.edu /student/CAS206_jread_32802/alankelsey29/solar sun.html
2007.07.19 14:28 B E:\cas206\solar\venus.html --> sws.pcc.edu /student/CAS206_jread_32802/alankelsey29/solar venus.html
2007.07.28 01:09 B E:\cas206\solar\jupiter.html --> sws.pcc.edu /student/CAS206_jread_32802/alankelsey29/solar jupiter.html
2007.07.28 01:09 B E:\cas206\solar\mars.html --> sws.pcc.edu /student/CAS206_jread_32802/alankelsey29/solar mars.html
2007.07.28 01:09 B E:\cas206\solar\saturn.html --> sws.pcc.edu /student/CAS206_jread_32802/alankelsey29/solar saturn.html
2007.07.28 01:09 B E:\cas206\solar\sun.html --> sws.pcc.edu /student/CAS206_jread_32802/alankelsey29/solar sun.html
2007.07.28 01:09 B E:\cas206\solar\WS_FTP.LOG --> sws.pcc.edu /student/CAS206_jread_32802/alankelsey29/solar WS_FTP.LOG
2007.07.30 12:53 B Z:\cas206\solar\earth.html --> sws.pcc.edu /student/CAS206_jread_32802/alankelsey29/solar earth.html
2007.07.30 12:54 B Z:\cas206\solar\jupiter.html --> sws.pcc.edu /student/CAS206_jread_32802/alankelsey29/solar jupiter.html
2007.07.30 12:54 B Z:\cas206\solar\mars.html --> sws.pcc.edu /student/CAS206_jread_32802/alankelsey29/solar mars.html
2007.07.30 12:54 B Z:\cas206\solar\mercury.html --> sws.pcc.edu /student/CAS206_jread_32802/alankelsey29/solar mercury.html
2007.07.30 12:54 B Z:\cas206\solar\saturn.html --> sws.pcc.edu /student/CAS206_jread_32802/alankelsey29/solar saturn.html
2007.07.30 12:54 B Z:\cas206\solar\solar.css --> sws.pcc.edu /student/CAS206_jread_32802/alankelsey29/solar solar.css
2007.07.30 12:54 B Z:\cas206\solar\solar.html --> sws.pcc.edu /student/CAS206_jread_32802/alankelsey29/solar solar.html
2007.07.30 12:54 B Z:\cas206\solar\sun.html --> sws.pcc.edu /student/CAS206_jread_32802/alankelsey29/solar sun.html
2007.07.30 12:54 B Z:\cas206\solar\venus.html --> sws.pcc.edu /student/CAS206_jread_32802/alankelsey29/solar venus.html
2007.07.30 12:54 B Z:\cas206\solar\WS_FTP.LOG --> sws.pcc.edu /student/CAS206_jread_32802/alankelsey29/solar WS_FTP.LOG
2007.07.30 13:01 B Z:\cas206\solar\earth.html --> sws.pcc.edu /student/CAS206_jread_32802/alankelsey29/solar earth.html
2007.07.30 13:01 B Z:\cas206\solar\jupiter.html --> sws.pcc.edu /student/CAS206_jread_32802/alankelsey29/solar jupiter.html
2007.07.30 13:01 B Z:\cas206\solar\mars.html --> sws.pcc.edu /student/CAS206_jread_32802/alankelsey29/solar mars.html
2007.07.30 13:01 B Z:\cas206\solar\mercury.html --> sws.pcc.edu /student/CAS206_jread_32802/alankelsey29/solar mercury.html
2007.07.30 13:01 B Z:\cas206\solar\saturn.html --> sws.pcc.edu /student/CAS206_jread_32802/alankelsey29/solar saturn.html
2007.07.30 13:01 B Z:\cas206\solar\solar.html --> sws.pcc.edu /student/CAS206_jread_32802/alankelsey29/solar solar.html
2007.07.30 13:01 B Z:\cas206\solar\sun.html --> sws.pcc.edu /student/CAS206_jread_32802/alankelsey29/solar sun.html
2007.07.30 13:01 B Z:\cas206\solar\venus.html --> sws.pcc.edu /student/CAS206_jread_32802/alankelsey29/solar venus.html
2007.07.30 13:01 B Z:\cas206\solar\WS_FTP.LOG --> sws.pcc.edu /student/CAS206_jread_32802/alankelsey29/solar WS_FTP.LOG
2007.08.16 21:46 B E:\cas206\solar\earth.html --> sws.pcc.edu /student/CAS206_jread_32802/alankelsey29/solar earth.html
2007.08.16 21:46 B E:\cas206\solar\jupiter.html --> sws.pcc.edu /student/CAS206_jread_32802/alankelsey29/solar jupiter.html
2007.08.16 21:46 B E:\cas206\solar\mars.html --> sws.pcc.edu /student/CAS206_jread_32802/alankelsey29/solar mars.html
2007.08.16 21:46 B E:\cas206\solar\mercury.html --> sws.pcc.edu /student/CAS206_jread_32802/alankelsey29/solar mercury.html
2007.08.16 21:46 B E:\cas206\solar\saturn.html --> sws.pcc.edu /student/CAS206_jread_32802/alankelsey29/solar saturn.html
2007.08.16 21:46 B E:\cas206\solar\solar.css --> sws.pcc.edu /student/CAS206_jread_32802/alankelsey29/solar solar.css
2007.08.16 21:46 B E:\cas206\solar\solar.html --> sws.pcc.edu /student/CAS206_jread_32802/alankelsey29/solar solar.html
2007.08.16 21:46 B E:\cas206\solar\sun.html --> sws.pcc.edu /student/CAS206_jread_32802/alankelsey29/solar sun.html
2007.08.16 21:46 B E:\cas206\solar\venus.html --> sws.pcc.edu /student/CAS206_jread_32802/alankelsey29/solar venus.html
2007.08.16 21:46 B E:\cas206\solar\WS_FTP.LOG --> sws.pcc.edu /student/CAS206_jread_32802/alankelsey29/solar WS_FTP.LOG
2007.09.05 01:44 B E:\cas206\solar\earth.html --> sws.pcc.edu /student/CAS206_jread_32802/alankelsey29/solar earth.html
2007.09.05 01:44 B E:\cas206\solar\form.html --> sws.pcc.edu /student/CAS206_jread_32802/alankelsey29/solar form.html
2007.09.05 01:44 B E:\cas206\solar\jupiter.html --> sws.pcc.edu /student/CAS206_jread_32802/alankelsey29/solar jupiter.html
2007.09.05 01:44 B E:\cas206\solar\mars.html --> sws.pcc.edu /student/CAS206_jread_32802/alankelsey29/solar mars.html
2007.09.05 01:44 B E:\cas206\solar\mercury.html --> sws.pcc.edu /student/CAS206_jread_32802/alankelsey29/solar mercury.html
2007.09.05 01:44 B E:\cas206\solar\saturn.html --> sws.pcc.edu /student/CAS206_jread_32802/alankelsey29/solar saturn.html
2007.09.05 01:44 B E:\cas206\solar\solar.css --> sws.pcc.edu /student/CAS206_jread_32802/alankelsey29/solar solar.css
2007.09.05 01:44 B E:\cas206\solar\solar.html --> sws.pcc.edu /student/CAS206_jread_32802/alankelsey29/solar solar.html
2007.09.05 01:44 B E:\cas206\solar\sun.html --> sws.pcc.edu /student/CAS206_jread_32802/alankelsey29/solar sun.html
2007.09.05 01:44 B E:\cas206\solar\table.html --> sws.pcc.edu /student/CAS206_jread_32802/alankelsey29/solar table.html
2007.09.05 01:44 B E:\cas206\solar\venus.html --> sws.pcc.edu /student/CAS206_jread_32802/alankelsey29/solar venus.html
2007.09.05 01:44 B E:\cas206\solar\WS_FTP.LOG --> sws.pcc.edu /student/CAS206_jread_32802/alankelsey29/solar WS_FTP.LOG
